2022.10.28 11:19:24 INFO  tracing is disabled for protocol LSP, to enable tracing of incoming and outgoing JSON messages create an empty file at /home/nabee/functional_programming/1course/1week/scala-project/.metals/lsp.trace.json or /home/nabee/.cache/metals/lsp.trace.json[0m
2022.10.28 11:19:24 INFO  logging to file /home/nabee/functional_programming/1course/1week/scala-project/.metals/metals.log[0m
2022.10.28 11:19:24 INFO  Started: Metals version 0.11.9 in workspace '/home/nabee/functional_programming/1course/1week/scala-project' for client Visual Studio Code 1.72.2.[0m
2022.10.28 11:19:25 INFO  time: initialize in 0.86s[0m
2022.10.28 11:19:26 WARN  Build server is not auto-connectable.[0m
Oct 28, 2022 11:19:26 AM org.eclipse.lsp4j.jsonrpc.RemoteEndpoint handleCancellation
WARNING: Unmatched cancel notification for request id 2
Oct 28, 2022 11:19:26 AM org.eclipse.lsp4j.jsonrpc.RemoteEndpoint handleCancellation
WARNING: Unmatched cancel notification for request id 3
Oct 28, 2022 11:19:26 AM org.eclipse.lsp4j.jsonrpc.RemoteEndpoint handleCancellation
WARNING: Unmatched cancel notification for request id 1
2022.10.28 11:19:28 INFO  no build target found for /home/nabee/functional_programming/1course/1week/scala-project/src/main/scala/example/example.worksheet.sc. Using presentation compiler with project's scala-library version: 3.2.0[0m
2022.10.28 11:19:28 WARN  no build target for: /home/nabee/functional_programming/1course/1week/scala-project/build.sbt[0m
Oct 28, 2022 11:19:28 AM org.eclipse.lsp4j.jsonrpc.RemoteEndpoint handleCancellation
WARNING: Unmatched cancel notification for request id 5
Oct 28, 2022 11:19:28 AM org.eclipse.lsp4j.jsonrpc.RemoteEndpoint handleCancellation
WARNING: Unmatched cancel notification for request id 6
Oct 28, 2022 11:19:28 AM org.eclipse.lsp4j.jsonrpc.RemoteEndpoint handleCancellation
WARNING: Unmatched cancel notification for request id 4
2022.10.28 11:19:29 INFO  time: code lens generation in 1.05s[0m
2022.10.28 11:19:29 INFO  time: code lens generation in 1.01s[0m
2022.10.28 11:19:31 INFO  no build target found for /home/nabee/functional_programming/1course/1week/scala-project/src/main/scala/example/example.worksheet.sc. Using presentation compiler with project's scala-library version: 3.2.0[0m
2022.10.28 11:19:31 INFO  time: evaluated worksheet 'example.worksheet.sc' in 4.5s[0m
2022.10.28 11:19:31 INFO  time: evaluated worksheet 'example.worksheet.sc' in 0.38s[0m
2022.10.28 11:19:32 INFO  running '/home/nabee/.cache/coursier/arc/https/github.com/AdoptOpenJDK/openjdk11-binaries/releases/download/jdk-11%252B28/OpenJDK11-jdk_x64_linux_hotspot_11_28.tar.gz/jdk-11+28/bin/java -Djline.terminal=jline.UnsupportedTerminal -Dsbt.log.noformat=true -Dfile.encoding=UTF-8 -jar /tmp/metals289646355975832056/sbt-launch.jar -Dbloop.export-jar-classifiers=sources bloopInstall'[0m
2022.10.28 11:19:33 ERROR [info] [launcher] getting org.scala-sbt sbt 1.5.2  (this may take some time)...[0m
2022.10.28 11:19:33 WARN  no build target for: /home/nabee/functional_programming/1course/1week/scala-project/project/metals.sbt[0m
2022.10.28 11:19:33 WARN  no build target for: /home/nabee/functional_programming/1course/1week/scala-project/project/project/metals.sbt[0m
2022.10.28 11:19:33 INFO  skipping build import with status 'Started'[0m
2022.10.28 11:20:16 ERROR downloading https://repo1.maven.org/maven2/org/scala-sbt/collections_2.12/1.5.2/collections_2.12-1.5.2.jar ...[0m
2022.10.28 11:20:16 ERROR downloading https://repo1.maven.org/maven2/org/scala-sbt/main_2.12/1.5.2/main_2.12-1.5.2.jar ...[0m
2022.10.28 11:20:16 ERROR downloading https://repo1.maven.org/maven2/org/scala-sbt/sbt/1.5.2/sbt-1.5.2.jar ...[0m
2022.10.28 11:20:16 ERROR downloading https://repo1.maven.org/maven2/org/scala-lang/scala-library/2.12.13/scala-library-2.12.13.jar ...[0m
2022.10.28 11:20:16 ERROR downloading https://repo1.maven.org/maven2/org/scala-sbt/scripted-plugin_2.12/1.5.2/scripted-plugin_2.12-1.5.2.jar ...[0m
2022.10.28 11:20:16 ERROR downloading https://repo1.maven.org/maven2/org/scala-sbt/logic_2.12/1.5.2/logic_2.12-1.5.2.jar ...[0m
2022.10.28 11:20:16 ERROR downloading https://repo1.maven.org/maven2/org/scala-sbt/io_2.12/1.5.0/io_2.12-1.5.0.jar ...[0m
2022.10.28 11:20:16 ERROR downloading https://repo1.maven.org/maven2/org/scala-sbt/command_2.12/1.5.2/command_2.12-1.5.2.jar ...[0m
2022.10.28 11:20:16 ERROR downloading https://repo1.maven.org/maven2/org/scala-sbt/run_2.12/1.5.2/run_2.12-1.5.2.jar ...[0m
2022.10.28 11:20:16 ERROR downloading https://repo1.maven.org/maven2/org/scala-sbt/actions_2.12/1.5.2/actions_2.12-1.5.2.jar ...[0m
2022.10.28 11:20:16 ERROR downloading https://repo1.maven.org/maven2/org/scala-sbt/main-settings_2.12/1.5.2/main-settings_2.12-1.5.2.jar ...[0m
2022.10.28 11:20:16 ERROR downloading https://repo1.maven.org/maven2/org/scala-sbt/util-logging_2.12/1.5.2/util-logging_2.12-1.5.2.jar ...[0m
2022.10.28 11:20:16 ERROR downloading https://repo1.maven.org/maven2/org/scala-sbt/zinc-lm-integration_2.12/1.5.2/zinc-lm-integration_2.12-1.5.2.jar ...[0m
2022.10.28 11:20:16 ERROR downloading https://repo1.maven.org/maven2/org/scala-sbt/launcher-interface/1.3.1/launcher-interface-1.3.1.jar ...[0m
2022.10.28 11:20:16 ERROR downloading https://repo1.maven.org/maven2/com/github/ben-manes/caffeine/caffeine/2.8.5/caffeine-2.8.5.jar ...[0m
2022.10.28 11:20:16 ERROR downloading https://repo1.maven.org/maven2/org/scala-lang/modules/scala-xml_2.12/1.3.0/scala-xml_2.12-1.3.0.jar ...[0m
2022.10.28 11:20:16 ERROR :: loading settings :: url = jar:file:/tmp/metals289646355975832056/sbt-launch.jar!/org/apache/ivy/core/settings/ivysettings.xml[0m
2022.10.28 11:20:16 ERROR :: loading settings :: url = jar:file:/tmp/metals289646355975832056/sbt-launch.jar!/org/apache/ivy/core/settings/ivysettings.xml[0m
2022.10.28 11:20:16 ERROR :: loading settings :: url = jar:file:/tmp/metals289646355975832056/sbt-launch.jar!/org/apache/ivy/core/settings/ivysettings.xml[0m
2022.10.28 11:20:16 ERROR :: loading settings :: url = jar:file:/tmp/metals289646355975832056/sbt-launch.jar!/org/apache/ivy/core/settings/ivysettings.xml[0m
2022.10.28 11:20:16 ERROR :: loading settings :: url = jar:file:/tmp/metals289646355975832056/sbt-launch.jar!/org/apache/ivy/core/settings/ivysettings.xml[0m
2022.10.28 11:20:16 ERROR :: loading settings :: url = jar:file:/tmp/metals289646355975832056/sbt-launch.jar!/org/apache/ivy/core/settings/ivysettings.xml[0m
2022.10.28 11:20:16 ERROR :: loading settings :: url = jar:file:/tmp/metals289646355975832056/sbt-launch.jar!/org/apache/ivy/core/settings/ivysettings.xml[0m
2022.10.28 11:20:16 ERROR :: loading settings :: url = jar:file:/tmp/metals289646355975832056/sbt-launch.jar!/org/apache/ivy/core/settings/ivysettings.xml[0m
2022.10.28 11:20:16 ERROR :: loading settings :: url = jar:file:/tmp/metals289646355975832056/sbt-launch.jar!/org/apache/ivy/core/settings/ivysettings.xml[0m
2022.10.28 11:20:16 ERROR :: loading settings :: url = jar:file:/tmp/metals289646355975832056/sbt-launch.jar!/org/apache/ivy/core/settings/ivysettings.xml[0m
2022.10.28 11:20:16 ERROR :: loading settings :: url = jar:file:/tmp/metals289646355975832056/sbt-launch.jar!/org/apache/ivy/core/settings/ivysettings.xml[0m
2022.10.28 11:20:16 ERROR :: loading settings :: url = jar:file:/tmp/metals289646355975832056/sbt-launch.jar!/org/apache/ivy/core/settings/ivysettings.xml[0m
2022.10.28 11:20:16 ERROR :: loading settings :: url = jar:file:/tmp/metals289646355975832056/sbt-launch.jar!/org/apache/ivy/core/settings/ivysettings.xml[0m
2022.10.28 11:20:16 ERROR :: loading settings :: url = jar:file:/tmp/metals289646355975832056/sbt-launch.jar!/org/apache/ivy/core/settings/ivysettings.xml[0m
2022.10.28 11:20:16 ERROR :: loading settings :: url = jar:file:/tmp/metals289646355975832056/sbt-launch.jar!/org/apache/ivy/core/settings/ivysettings.xml[0m
2022.10.28 11:20:16 ERROR :: loading settings :: url = jar:file:/tmp/metals289646355975832056/sbt-launch.jar!/org/apache/ivy/core/settings/ivysettings.xml[0m
2022.10.28 11:20:16 ERROR 	[SUCCESSFUL ] org.scala-lang.modules#scala-xml_2.12;1.3.0!scala-xml_2.12.jar(bundle) (250ms)[0m
2022.10.28 11:20:16 ERROR downloading https://repo1.maven.org/maven2/io/get-coursier/lm-coursier-shaded_2.12/2.0.8/lm-coursier-shaded_2.12-2.0.8.jar ...[0m
2022.10.28 11:20:16 ERROR 	[SUCCESSFUL ] org.scala-sbt#scripted-plugin_2.12;1.5.2!scripted-plugin_2.12.jar (306ms)[0m
2022.10.28 11:20:16 ERROR downloading https://repo1.maven.org/maven2/org/apache/logging/log4j/log4j-api/2.11.2/log4j-api-2.11.2.jar ...[0m
2022.10.28 11:20:16 ERROR 	[SUCCESSFUL ] org.scala-sbt#launcher-interface;1.3.1!launcher-interface.jar (350ms)[0m
2022.10.28 11:20:16 ERROR downloading https://repo1.maven.org/maven2/org/apache/logging/log4j/log4j-core/2.11.2/log4j-core-2.11.2.jar ...[0m
2022.10.28 11:20:16 ERROR 	[SUCCESSFUL ] org.scala-sbt#zinc-lm-integration_2.12;1.5.2!zinc-lm-integration_2.12.jar (476ms)[0m
2022.10.28 11:20:16 ERROR downloading https://repo1.maven.org/maven2/org/apache/logging/log4j/log4j-slf4j-impl/2.11.2/log4j-slf4j-impl-2.11.2.jar ...[0m
2022.10.28 11:20:16 ERROR 	[SUCCESSFUL ] org.scala-sbt#run_2.12;1.5.2!run_2.12.jar (493ms)[0m
2022.10.28 11:20:16 ERROR downloading https://repo1.maven.org/maven2/org/scala-sbt/librarymanagement-core_2.12/1.5.0/librarymanagement-core_2.12-1.5.0.jar ...[0m
2022.10.28 11:20:16 ERROR 	[SUCCESSFUL ] org.scala-sbt#logic_2.12;1.5.2!logic_2.12.jar (605ms)[0m
2022.10.28 11:20:16 ERROR downloading https://repo1.maven.org/maven2/org/scala-sbt/librarymanagement-ivy_2.12/1.5.0/librarymanagement-ivy_2.12-1.5.0.jar ...[0m
2022.10.28 11:20:16 ERROR 	[SUCCESSFUL ] org.scala-sbt#sbt;1.5.2!sbt.jar (658ms)[0m
2022.10.28 11:20:16 ERROR downloading https://repo1.maven.org/maven2/org/scala-sbt/compiler-interface/1.5.3/compiler-interface-1.5.3.jar ...[0m
2022.10.28 11:20:16 ERROR 	[SUCCESSFUL ] org.scala-sbt#actions_2.12;1.5.2!actions_2.12.jar (704ms)[0m
2022.10.28 11:20:16 ERROR downloading https://repo1.maven.org/maven2/org/scala-sbt/zinc-compile_2.12/1.5.3/zinc-compile_2.12-1.5.3.jar ...[0m
2022.10.28 11:20:16 ERROR 	[SUCCESSFUL ] org.apache.logging.log4j#log4j-slf4j-impl;2.11.2!log4j-slf4j-impl.jar (262ms)[0m
2022.10.28 11:20:16 ERROR downloading https://repo1.maven.org/maven2/org/scala-sbt/util-relation_2.12/1.5.2/util-relation_2.12-1.5.2.jar ...[0m
2022.10.28 11:20:16 ERROR 	[SUCCESSFUL ] org.apache.logging.log4j#log4j-api;2.11.2!log4j-api.jar (586ms)[0m
2022.10.28 11:20:16 ERROR downloading https://repo1.maven.org/maven2/org/scala-sbt/util-position_2.12/1.5.2/util-position_2.12-1.5.2.jar ...[0m
2022.10.28 11:20:16 ERROR 	[SUCCESSFUL ] org.scala-sbt#compiler-interface;1.5.3!compiler-interface.jar (267ms)[0m
2022.10.28 11:20:16 ERROR downloading https://repo1.maven.org/maven2/com/eed3si9n/sjson-new-scalajson_2.12/0.9.1/sjson-new-scalajson_2.12-0.9.1.jar ...[0m
2022.10.28 11:20:16 ERROR 	[SUCCESSFUL ] org.scala-sbt#zinc-compile_2.12;1.5.3!zinc-compile_2.12.jar (288ms)[0m
2022.10.28 11:20:16 ERROR downloading https://repo1.maven.org/maven2/org/scala-lang/scala-reflect/2.12.13/scala-reflect-2.12.13.jar ...[0m
2022.10.28 11:20:17 ERROR 	[SUCCESSFUL ] org.scala-sbt#util-relation_2.12;1.5.2!util-relation_2.12.jar (277ms)[0m
2022.10.28 11:20:17 ERROR downloading https://repo1.maven.org/maven2/com/eed3si9n/sjson-new-core_2.12/0.9.1/sjson-new-core_2.12-0.9.1.jar ...[0m
2022.10.28 11:20:17 ERROR 	[SUCCESSFUL ] org.scala-sbt#util-position_2.12;1.5.2!util-position_2.12.jar (193ms)[0m
2022.10.28 11:20:17 ERROR downloading https://repo1.maven.org/maven2/com/eed3si9n/shaded-jawn-parser_2.12/0.9.1/shaded-jawn-parser_2.12-0.9.1.jar ...[0m
2022.10.28 11:20:17 ERROR 	[SUCCESSFUL ] org.scala-sbt#collections_2.12;1.5.2!collections_2.12.jar (1110ms)[0m
2022.10.28 11:20:17 ERROR 	[SUCCESSFUL ] org.scala-sbt#util-logging_2.12;1.5.2!util-logging_2.12.jar (1101ms)[0m
2022.10.28 11:20:17 ERROR downloading https://repo1.maven.org/maven2/com/eed3si9n/shaded-scalajson_2.12/1.0.0-M4/shaded-scalajson_2.12-1.0.0-M4.jar ...[0m
2022.10.28 11:20:17 ERROR downloading https://repo1.maven.org/maven2/org/scala-sbt/completion_2.12/1.5.2/completion_2.12-1.5.2.jar ...[0m
2022.10.28 11:20:17 ERROR 	[SUCCESSFUL ] com.eed3si9n#sjson-new-scalajson_2.12;0.9.1!sjson-new-scalajson_2.12.jar (229ms)[0m
2022.10.28 11:20:17 ERROR downloading https://repo1.maven.org/maven2/org/scala-sbt/task-system_2.12/1.5.2/task-system_2.12-1.5.2.jar ...[0m
2022.10.28 11:20:17 ERROR 	[SUCCESSFUL ] org.scala-sbt#command_2.12;1.5.2!command_2.12.jar (1239ms)[0m
2022.10.28 11:20:17 ERROR downloading https://repo1.maven.org/maven2/org/scala-sbt/tasks_2.12/1.5.2/tasks_2.12-1.5.2.jar ...[0m
2022.10.28 11:20:17 ERROR 	[SUCCESSFUL ] org.scala-sbt#io_2.12;1.5.0!io_2.12.jar (1275ms)[0m
2022.10.28 11:20:17 ERROR downloading https://repo1.maven.org/maven2/org/scala-sbt/testing_2.12/1.5.2/testing_2.12-1.5.2.jar ...[0m
2022.10.28 11:20:17 ERROR 	[SUCCESSFUL ] com.eed3si9n#shaded-scalajson_2.12;1.0.0-M4!shaded-scalajson_2.12.jar (263ms)[0m
2022.10.28 11:20:17 ERROR downloading https://repo1.maven.org/maven2/org/scala-sbt/util-tracking_2.12/1.5.2/util-tracking_2.12-1.5.2.jar ...[0m
2022.10.28 11:20:17 ERROR 	[SUCCESSFUL ] com.eed3si9n#shaded-jawn-parser_2.12;0.9.1!shaded-jawn-parser_2.12.jar (326ms)[0m
2022.10.28 11:20:17 ERROR downloading https://repo1.maven.org/maven2/org/jline/jline-terminal/3.19.0/jline-terminal-3.19.0.jar ...[0m
2022.10.28 11:20:17 ERROR 	[SUCCESSFUL ] org.scala-sbt#task-system_2.12;1.5.2!task-system_2.12.jar (411ms)[0m
2022.10.28 11:20:17 ERROR downloading https://repo1.maven.org/maven2/org/scala-sbt/zinc-classpath_2.12/1.5.3/zinc-classpath_2.12-1.5.3.jar ...[0m
2022.10.28 11:20:17 ERROR 	[SUCCESSFUL ] org.scala-sbt#util-tracking_2.12;1.5.2!util-tracking_2.12.jar (298ms)[0m
2022.10.28 11:20:17 ERROR downloading https://repo1.maven.org/maven2/org/scala-sbt/zinc-apiinfo_2.12/1.5.3/zinc-apiinfo_2.12-1.5.3.jar ...[0m
2022.10.28 11:20:17 ERROR 	[SUCCESSFUL ] org.scala-sbt#tasks_2.12;1.5.2!tasks_2.12.jar (456ms)[0m
2022.10.28 11:20:17 ERROR downloading https://repo1.maven.org/maven2/org/scala-sbt/zinc_2.12/1.5.3/zinc_2.12-1.5.3.jar ...[0m
2022.10.28 11:20:17 ERROR 	[SUCCESSFUL ] org.scala-sbt#librarymanagement-ivy_2.12;1.5.0!librarymanagement-ivy_2.12.jar (1110ms)[0m
2022.10.28 11:20:17 ERROR downloading https://repo1.maven.org/maven2/org/scala-sbt/util-control_2.12/1.5.2/util-control_2.12-1.5.2.jar ...[0m
2022.10.28 11:20:17 ERROR 	[SUCCESSFUL ] org.scala-sbt#testing_2.12;1.5.2!testing_2.12.jar (448ms)[0m
2022.10.28 11:20:17 ERROR downloading https://repo1.maven.org/maven2/org/scala-sbt/jline/jline/2.14.7-sbt-a1b0ffbb8f64bb820f4f84a0c07a0c0964507493/jline-2.14.7-sbt-a1b0ffbb8f64bb820f4f84a0c07a0c0964507493.jar ...[0m
2022.10.28 11:20:17 ERROR 	[SUCCESSFUL ] org.scala-sbt#completion_2.12;1.5.2!completion_2.12.jar (754ms)[0m
2022.10.28 11:20:17 ERROR downloading https://repo1.maven.org/maven2/org/jline/jline-reader/3.19.0/jline-reader-3.19.0.jar ...[0m
2022.10.28 11:20:17 ERROR 	[SUCCESSFUL ] org.scala-sbt#main-settings_2.12;1.5.2!main-settings_2.12.jar (1884ms)[0m
2022.10.28 11:20:17 ERROR downloading https://repo1.maven.org/maven2/org/jline/jline-builtins/3.19.0/jline-builtins-3.19.0.jar ...[0m
2022.10.28 11:20:17 ERROR 	[SUCCESSFUL ] org.scala-sbt#zinc-classpath_2.12;1.5.3!zinc-classpath_2.12.jar (435ms)[0m
2022.10.28 11:20:17 ERROR downloading https://repo1.maven.org/maven2/org/scala-sbt/util-interface/1.5.2/util-interface-1.5.2.jar ...[0m
2022.10.28 11:20:18 ERROR 	[SUCCESSFUL ] org.scala-sbt#util-control_2.12;1.5.2!util-control_2.12.jar (311ms)[0m
2022.10.28 11:20:18 ERROR downloading https://repo1.maven.org/maven2/org/scala-sbt/core-macros_2.12/1.5.2/core-macros_2.12-1.5.2.jar ...[0m
2022.10.28 11:20:18 ERROR 	[SUCCESSFUL ] org.scala-sbt#zinc_2.12;1.5.3!zinc_2.12.jar (384ms)[0m
2022.10.28 11:20:18 ERROR downloading https://repo1.maven.org/maven2/org/jline/jline-terminal-jna/3.19.0/jline-terminal-jna-3.19.0.jar ...[0m
2022.10.28 11:20:18 ERROR 	[SUCCESSFUL ] org.jline#jline-terminal;3.19.0!jline-terminal.jar (671ms)[0m
2022.10.28 11:20:18 ERROR downloading https://repo1.maven.org/maven2/org/jline/jline-terminal-jansi/3.19.0/jline-terminal-jansi-3.19.0.jar ...[0m
2022.10.28 11:20:18 ERROR 	[SUCCESSFUL ] org.scala-sbt.jline#jline;2.14.7-sbt-a1b0ffbb8f64bb820f4f84a0c07a0c0964507493!jline.jar (381ms)[0m
2022.10.28 11:20:18 ERROR downloading https://repo1.maven.org/maven2/com/lmax/disruptor/3.4.2/disruptor-3.4.2.jar ...[0m
2022.10.28 11:20:18 ERROR 	[SUCCESSFUL ] org.scala-sbt#librarymanagement-core_2.12;1.5.0!librarymanagement-core_2.12.jar (1630ms)[0m
2022.10.28 11:20:18 ERROR downloading https://repo1.maven.org/maven2/org/scala-lang/scala-compiler/2.12.13/scala-compiler-2.12.13.jar ...[0m
2022.10.28 11:20:18 ERROR 	[SUCCESSFUL ] org.scala-sbt#zinc-apiinfo_2.12;1.5.3!zinc-apiinfo_2.12.jar (453ms)[0m
2022.10.28 11:20:18 ERROR downloading https://repo1.maven.org/maven2/org/fusesource/jansi/jansi/2.1.0/jansi-2.1.0.jar ...[0m
2022.10.28 11:20:18 ERROR 	[SUCCESSFUL ] org.apache.logging.log4j#log4j-core;2.11.2!log4j-core.jar (1800ms)[0m
2022.10.28 11:20:18 ERROR downloading https://repo1.maven.org/maven2/com/swoval/file-tree-views/2.1.6/file-tree-views-2.1.6.jar ...[0m
2022.10.28 11:20:18 ERROR 	[SUCCESSFUL ] com.github.ben-manes.caffeine#caffeine;2.8.5!caffeine.jar (2199ms)[0m
2022.10.28 11:20:18 ERROR downloading https://repo1.maven.org/maven2/net/java/dev/jna/jna/5.5.0/jna-5.5.0.jar ...[0m
2022.10.28 11:20:18 ERROR 	[SUCCESSFUL ] org.scala-sbt#util-interface;1.5.2!util-interface.jar (266ms)[0m
2022.10.28 11:20:18 ERROR downloading https://repo1.maven.org/maven2/net/java/dev/jna/jna-platform/5.5.0/jna-platform-5.5.0.jar ...[0m
2022.10.28 11:20:18 ERROR 	[SUCCESSFUL ] org.jline#jline-terminal-jansi;3.19.0!jline-terminal-jansi.jar (224ms)[0m
2022.10.28 11:20:18 ERROR downloading https://repo1.maven.org/maven2/org/jline/jline-style/3.19.0/jline-style-3.19.0.jar ...[0m
2022.10.28 11:20:18 ERROR 	[SUCCESSFUL ] org.jline#jline-reader;3.19.0!jline-reader.jar (442ms)[0m
2022.10.28 11:20:18 ERROR downloading https://repo1.maven.org/maven2/org/scala-sbt/util-cache_2.12/1.5.2/util-cache_2.12-1.5.2.jar ...[0m
2022.10.28 11:20:18 ERROR 	[SUCCESSFUL ] org.jline#jline-terminal-jna;3.19.0!jline-terminal-jna.jar (273ms)[0m
2022.10.28 11:20:18 ERROR downloading https://repo1.maven.org/maven2/com/eed3si9n/sjson-new-murmurhash_2.12/0.9.1/sjson-new-murmurhash_2.12-0.9.1.jar ...[0m
2022.10.28 11:20:18 ERROR 	[SUCCESSFUL ] org.scala-sbt#core-macros_2.12;1.5.2!core-macros_2.12.jar (358ms)[0m
2022.10.28 11:20:18 ERROR downloading https://repo1.maven.org/maven2/org/scala-sbt/test-agent/1.5.2/test-agent-1.5.2.jar ...[0m
2022.10.28 11:20:18 ERROR 	[SUCCESSFUL ] com.lmax#disruptor;3.4.2!disruptor.jar (365ms)[0m
2022.10.28 11:20:18 ERROR downloading https://repo1.maven.org/maven2/org/scala-sbt/test-interface/1.0/test-interface-1.0.jar ...[0m
2022.10.28 11:20:18 ERROR 	[SUCCESSFUL ] com.eed3si9n#sjson-new-murmurhash_2.12;0.9.1!sjson-new-murmurhash_2.12.jar (181ms)[0m
2022.10.28 11:20:18 ERROR downloading https://repo1.maven.org/maven2/org/scala-sbt/compiler-bridge_2.12/1.5.3/compiler-bridge_2.12-1.5.3.jar ...[0m
2022.10.28 11:20:18 ERROR 	[SUCCESSFUL ] org.scala-sbt#test-agent;1.5.2!test-agent.jar (184ms)[0m
2022.10.28 11:20:18 ERROR downloading https://repo1.maven.org/maven2/org/scala-sbt/zinc-classfile_2.12/1.5.3/zinc-classfile_2.12-1.5.3.jar ...[0m
2022.10.28 11:20:18 ERROR 	[SUCCESSFUL ] org.jline#jline-style;3.19.0!jline-style.jar (276ms)[0m
2022.10.28 11:20:18 ERROR downloading https://repo1.maven.org/maven2/com/jcraft/jsch/0.1.54/jsch-0.1.54.jar ...[0m
2022.10.28 11:20:18 ERROR 	[SUCCESSFUL ] org.jline#jline-builtins;3.19.0!jline-builtins.jar (740ms)[0m
2022.10.28 11:20:18 ERROR downloading https://repo1.maven.org/maven2/com/eed3si9n/gigahorse-okhttp_2.12/0.5.0/gigahorse-okhttp_2.12-0.5.0.jar ...[0m
2022.10.28 11:20:18 ERROR 	[SUCCESSFUL ] org.scala-sbt#test-interface;1.0!test-interface.jar (174ms)[0m
2022.10.28 11:20:18 ERROR downloading https://repo1.maven.org/maven2/com/squareup/okhttp3/okhttp-urlconnection/3.7.0/okhttp-urlconnection-3.7.0.jar ...[0m
2022.10.28 11:20:18 ERROR 	[SUCCESSFUL ] com.swoval#file-tree-views;2.1.6!file-tree-views.jar (525ms)[0m
2022.10.28 11:20:18 ERROR downloading https://repo1.maven.org/maven2/com/eed3si9n/gigahorse-core_2.12/0.5.0/gigahorse-core_2.12-0.5.0.jar ...[0m
2022.10.28 11:20:18 ERROR 	[SUCCESSFUL ] com.eed3si9n#sjson-new-core_2.12;0.9.1!sjson-new-core_2.12.jar (1709ms)[0m
2022.10.28 11:20:18 ERROR downloading https://repo1.maven.org/maven2/com/squareup/okhttp3/okhttp/3.14.2/okhttp-3.14.2.jar ...[0m
2022.10.28 11:20:18 ERROR 	[SUCCESSFUL ] org.fusesource.jansi#jansi;2.1.0!jansi.jar (673ms)[0m
2022.10.28 11:20:18 ERROR downloading https://repo1.maven.org/maven2/com/typesafe/ssl-config-core_2.12/0.4.0/ssl-config-core_2.12-0.4.0.jar ...[0m
2022.10.28 11:20:18 ERROR 	[SUCCESSFUL ] com.squareup.okhttp3#okhttp-urlconnection;3.7.0!okhttp-urlconnection.jar (249ms)[0m
2022.10.28 11:20:18 ERROR downloading https://repo1.maven.org/maven2/org/reactivestreams/reactive-streams/1.0.2/reactive-streams-1.0.2.jar ...[0m
2022.10.28 11:20:18 ERROR 	[SUCCESSFUL ] com.eed3si9n#gigahorse-okhttp_2.12;0.5.0!gigahorse-okhttp_2.12.jar (292ms)[0m
2022.10.28 11:20:18 ERROR downloading https://repo1.maven.org/maven2/org/slf4j/slf4j-api/1.7.26/slf4j-api-1.7.26.jar ...[0m
2022.10.28 11:20:18 ERROR 	[SUCCESSFUL ] org.scala-sbt#zinc-classfile_2.12;1.5.3!zinc-classfile_2.12.jar (369ms)[0m
2022.10.28 11:20:18 ERROR downloading https://repo1.maven.org/maven2/org/scala-lang/modules/scala-parser-combinators_2.12/1.1.2/scala-parser-combinators_2.12-1.1.2.jar ...[0m
2022.10.28 11:20:18 ERROR 	[SUCCESSFUL ] org.reactivestreams#reactive-streams;1.0.2!reactive-streams.jar (127ms)[0m
2022.10.28 11:20:18 ERROR downloading https://repo1.maven.org/maven2/com/typesafe/config/1.3.3/config-1.3.3.jar ...[0m
2022.10.28 11:20:19 ERROR 	[SUCCESSFUL ] org.scala-sbt#util-cache_2.12;1.5.2!util-cache_2.12.jar (725ms)[0m
2022.10.28 11:20:19 ERROR downloading https://repo1.maven.org/maven2/com/squareup/okio/okio/1.17.2/okio-1.17.2.jar ...[0m
2022.10.28 11:20:19 ERROR 	[SUCCESSFUL ] org.scala-sbt#compiler-bridge_2.12;1.5.3!compiler-bridge_2.12.jar (543ms)[0m
2022.10.28 11:20:19 ERROR downloading https://repo1.maven.org/maven2/org/scala-sbt/zinc-core_2.12/1.5.3/zinc-core_2.12-1.5.3.jar ...[0m
2022.10.28 11:20:19 ERROR 	[SUCCESSFUL ] com.eed3si9n#gigahorse-core_2.12;0.5.0!gigahorse-core_2.12.jar (407ms)[0m
2022.10.28 11:20:19 ERROR downloading https://repo1.maven.org/maven2/org/scala-sbt/zinc-persist_2.12/1.5.3/zinc-persist_2.12-1.5.3.jar ...[0m
2022.10.28 11:20:19 ERROR 	[SUCCESSFUL ] org.slf4j#slf4j-api;1.7.26!slf4j-api.jar (189ms)[0m
2022.10.28 11:20:19 ERROR downloading https://repo1.maven.org/maven2/org/scala-sbt/zinc-compile-core_2.12/1.5.3/zinc-compile-core_2.12-1.5.3.jar ...[0m
2022.10.28 11:20:19 ERROR 	[SUCCESSFUL ] com.squareup.okio#okio;1.17.2!okio.jar (342ms)[0m
2022.10.28 11:20:19 ERROR downloading https://repo1.maven.org/maven2/org/scala-sbt/zinc-persist-core-assembly/1.5.3/zinc-persist-core-assembly-1.5.3.jar ...[0m
2022.10.28 11:20:19 ERROR 	[SUCCESSFUL ] org.scala-lang.modules#scala-parser-combinators_2.12;1.1.2!scala-parser-combinators_2.12.jar(bundle) (475ms)[0m
2022.10.28 11:20:19 ERROR downloading https://repo1.maven.org/maven2/net/openhft/zero-allocation-hashing/0.10.1/zero-allocation-hashing-0.10.1.jar ...[0m
2022.10.28 11:20:19 ERROR 	[SUCCESSFUL ] org.scala-sbt#zinc-persist_2.12;1.5.3!zinc-persist_2.12.jar (440ms)[0m
2022.10.28 11:20:19 ERROR downloading https://repo1.maven.org/maven2/org/scala-sbt/sbinary_2.12/0.5.1/sbinary_2.12-0.5.1.jar ...[0m
2022.10.28 11:20:19 ERROR 	[SUCCESSFUL ] com.typesafe#config;1.3.3!config.jar(bundle) (598ms)[0m
2022.10.28 11:20:19 ERROR downloading https://repo1.maven.org/maven2/org/scala-sbt/protocol_2.12/1.5.2/protocol_2.12-1.5.2.jar ...[0m
2022.10.28 11:20:19 ERROR 	[SUCCESSFUL ] com.squareup.okhttp3#okhttp;3.14.2!okhttp.jar (922ms)[0m
2022.10.28 11:20:19 ERROR downloading https://repo1.maven.org/maven2/org/scala-sbt/template-resolver/0.1/template-resolver-0.1.jar ...[0m
2022.10.28 11:20:19 ERROR 	[SUCCESSFUL ] net.openhft#zero-allocation-hashing;0.10.1!zero-allocation-hashing.jar(bundle) (255ms)[0m
2022.10.28 11:20:19 ERROR 	[SUCCESSFUL ] com.typesafe#ssl-config-core_2.12;0.4.0!ssl-config-core_2.12.jar(bundle) (867ms)[0m
2022.10.28 11:20:19 ERROR 	[SUCCESSFUL ] com.jcraft#jsch;0.1.54!jsch.jar (1085ms)[0m
2022.10.28 11:20:19 ERROR downloading https://repo1.maven.org/maven2/org/scala-sbt/ipcsocket/ipcsocket/1.3.0/ipcsocket-1.3.0.jar ...[0m
2022.10.28 11:20:19 ERROR downloading https://repo1.maven.org/maven2/org/checkerframework/checker-qual/3.4.1/checker-qual-3.4.1.jar ...[0m
2022.10.28 11:20:19 ERROR downloading https://repo1.maven.org/maven2/com/google/errorprone/error_prone_annotations/2.4.0/error_prone_annotations-2.4.0.jar ...[0m
2022.10.28 11:20:19 ERROR 	[SUCCESSFUL ] com.google.errorprone#error_prone_annotations;2.4.0!error_prone_annotations.jar (185ms)[0m
2022.10.28 11:20:19 ERROR downloading https://repo1.maven.org/maven2/org/scala-lang/modules/scala-collection-compat_2.12/2.4.2/scala-collection-compat_2.12-2.4.2.jar ...[0m
2022.10.28 11:20:19 ERROR 	[SUCCESSFUL ] org.scala-sbt#template-resolver;0.1!template-resolver.jar (234ms)[0m
2022.10.28 11:20:19 ERROR downloading https://repo1.maven.org/maven2/org/scala-sbt/ivy/ivy/2.3.0-sbt-fbc4f586aeeb1591710b14eb4f41b94880dcd745/ivy-2.3.0-sbt-fbc4f586aeeb1591710b14eb4f41b94880dcd745.jar ...[0m
2022.10.28 11:20:19 ERROR 	[SUCCESSFUL ] org.scala-sbt#sbinary_2.12;0.5.1!sbinary_2.12.jar (458ms)[0m
2022.10.28 11:20:20 ERROR 	[SUCCESSFUL ] org.scala-sbt#zinc-compile-core_2.12;1.5.3!zinc-compile-core_2.12.jar (948ms)[0m
2022.10.28 11:20:20 ERROR 	[SUCCESSFUL ] org.scala-sbt.ipcsocket#ipcsocket;1.3.0!ipcsocket.jar (747ms)[0m
2022.10.28 11:20:20 ERROR 	[SUCCESSFUL ] org.scala-sbt#zinc-core_2.12;1.5.3!zinc-core_2.12.jar (1478ms)[0m
2022.10.28 11:20:20 ERROR 	[SUCCESSFUL ] org.checkerframework#checker-qual;3.4.1!checker-qual.jar (1026ms)[0m
2022.10.28 11:20:20 ERROR 	[SUCCESSFUL ] org.scala-lang.modules#scala-collection-compat_2.12;2.4.2!scala-collection-compat_2.12.jar (975ms)[0m
2022.10.28 11:20:22 ERROR 	[SUCCESSFUL ] net.java.dev.jna#jna;5.5.0!jna.jar (3184ms)[0m
2022.10.28 11:20:23 ERROR 	[SUCCESSFUL ] org.scala-sbt#protocol_2.12;1.5.2!protocol_2.12.jar (3053ms)[0m
2022.10.28 11:20:23 ERROR 	[SUCCESSFUL ] org.scala-sbt.ivy#ivy;2.3.0-sbt-fbc4f586aeeb1591710b14eb4f41b94880dcd745!ivy.jar (3185ms)[0m
2022.10.28 11:20:23 ERROR 	[SUCCESSFUL ] org.scala-sbt#main_2.12;1.5.2!main_2.12.jar (7089ms)[0m
2022.10.28 11:20:24 ERROR 	[SUCCESSFUL ] org.scala-lang#scala-reflect;2.12.13!scala-reflect.jar (7182ms)[0m
2022.10.28 11:20:24 ERROR 	[SUCCESSFUL ] net.java.dev.jna#jna-platform;5.5.0!jna-platform.jar (6066ms)[0m
2022.10.28 11:20:24 ERROR 	[SUCCESSFUL ] org.scala-sbt#zinc-persist-core-assembly;1.5.3!zinc-persist-core-assembly.jar (5375ms)[0m
2022.10.28 11:20:24 ERROR 	[SUCCESSFUL ] org.scala-lang#scala-library;2.12.13!scala-library.jar (9139ms)[0m
2022.10.28 11:20:27 ERROR 	[SUCCESSFUL ] io.get-coursier#lm-coursier-shaded_2.12;2.0.8!lm-coursier-shaded_2.12.jar (10184ms)[0m
2022.10.28 11:20:28 ERROR 	[SUCCESSFUL ] org.scala-lang#scala-compiler;2.12.13!scala-compiler.jar (9567ms)[0m
2022.10.28 11:20:28 ERROR :: retrieving :: org.scala-sbt#boot-app[0m
2022.10.28 11:20:28 ERROR 	confs: [default][0m
2022.10.28 11:20:28 ERROR 	83 artifacts copied, 0 already retrieved[0m
2022.10.28 11:20:28 ERROR [info] [launcher] getting Scala 2.12.13 (for sbt)...[0m
2022.10.28 11:20:32 ERROR downloading https://repo1.maven.org/maven2/org/scala-lang/modules/scala-xml_2.12/1.0.6/scala-xml_2.12-1.0.6.jar ...[0m
2022.10.28 11:20:32 ERROR downloading https://repo1.maven.org/maven2/org/fusesource/jansi/jansi/1.12/jansi-1.12.jar ...[0m
2022.10.28 11:20:32 ERROR downloading https://repo1.maven.org/maven2/jline/jline/2.14.6/jline-2.14.6.jar ...[0m
2022.10.28 11:20:32 ERROR 	[SUCCESSFUL ] org.fusesource.jansi#jansi;1.12!jansi.jar (155ms)[0m
2022.10.28 11:20:32 ERROR 	[SUCCESSFUL ] jline#jline;2.14.6!jline.jar (163ms)[0m
2022.10.28 11:20:32 ERROR 	[SUCCESSFUL ] org.scala-lang.modules#scala-xml_2.12;1.0.6!scala-xml_2.12.jar(bundle) (469ms)[0m
2022.10.28 11:20:32 ERROR :: retrieving :: org.scala-sbt#boot-scala[0m
2022.10.28 11:20:32 ERROR 	confs: [default][0m
2022.10.28 11:20:32 ERROR 	6 artifacts copied, 0 already retrieved[0m
2022.10.28 11:20:34 INFO  [info] welcome to sbt 1.5.2 (Oracle Corporation Java 11)[0m
2022.10.28 11:20:36 INFO  [info] loading settings for project scala-project-build-build from metals.sbt ...[0m
2022.10.28 11:20:36 INFO  [info] loading project definition from /home/nabee/functional_programming/1course/1week/scala-project/project/project[0m
2022.10.28 11:20:44 INFO  [info] loading settings for project scala-project-build from metals.sbt ...[0m
2022.10.28 11:20:44 INFO  [info] loading project definition from /home/nabee/functional_programming/1course/1week/scala-project/project[0m
2022.10.28 11:20:57 INFO  [success] Generated .bloop/scala-project-build.json[0m
2022.10.28 11:20:57 INFO  [success] Total time: 13 s, completed Oct 28, 2022, 11:20:57 AM[0m
2022.10.28 11:20:57 INFO  [info] loading settings for project scala-project from build.sbt ...[0m
2022.10.28 11:20:57 INFO  [info] set current project to scala-project (in build file:/home/nabee/functional_programming/1course/1week/scala-project/)[0m
2022.10.28 11:21:08 INFO  [success] Generated .bloop/scala-project-test.json[0m
2022.10.28 11:21:08 INFO  [success] Generated .bloop/scala-project.json[0m
2022.10.28 11:21:08 INFO  [success] Total time: 11 s, completed Oct 28, 2022, 11:21:08 AM[0m
2022.10.28 11:21:08 INFO  time: ran 'sbt bloopInstall' in 1m36s[0m
2022.10.28 11:21:08 INFO  Attempting to connect to the build server...[0m
2022.10.28 11:21:08 INFO  Setting up current java home /home/nabee/.cache/coursier/arc/https/github.com/AdoptOpenJDK/openjdk11-binaries/releases/download/jdk-11%252B28/OpenJDK11-jdk_x64_linux_hotspot_11_28.tar.gz/jdk-11+28 in /home/nabee/.bloop/bloop.json[0m
2022.10.28 11:21:23 INFO  tracing is disabled for protocol BSP, to enable tracing of incoming and outgoing JSON messages create an empty file at /home/nabee/functional_programming/1course/1week/scala-project/.metals/bsp.trace.json or /home/nabee/.cache/metals/bsp.trace.json[0m
2022.10.28 11:21:23 INFO  Attempting to connect to the build server...[0m
2022.10.28 11:21:23 INFO  Bloop uses /home/nabee/.cache/coursier/arc/https/github.com/AdoptOpenJDK/openjdk11-binaries/releases/download/jdk-11%252B28/OpenJDK11-jdk_x64_linux_hotspot_11_28.tar.gz/jdk-11+28 defined at /home/nabee/.bloop/bloop.json[0m
2022.10.28 11:21:23 INFO  tracing is disabled for protocol BSP, to enable tracing of incoming and outgoing JSON messages create an empty file at /home/nabee/functional_programming/1course/1week/scala-project/project/.metals/bsp.trace.json or /home/nabee/.cache/metals/bsp.trace.json[0m
2022.10.28 11:21:27 INFO  time: Connected to build server in 18s[0m
2022.10.28 11:21:27 INFO  Connected to Build server: Bloop v1.5.4[0m
2022.10.28 11:21:34 INFO  time: indexed workspace in 6.36s[0m
[31merror[39m: 
example.worksheet.sc:2 (mdoc generated code) 
 type DocumentBuilder is not a member of mdoc.internal.document - did you mean document.DocumentBuilder?
object MdocSession extends _root_.mdoc.internal.document.DocumentBuilder {


[31merror[39m: 
example.worksheet.sc:5 (mdoc generated code) 
 Not found: $doc
    $doc.startSection();


[31merror[39m: 
example.worksheet.sc:6 (mdoc generated code) 
 Not found: $doc
    $doc.startStatement(0, 0, 0, 5);


[31merror[39m: 
example.worksheet.sc:9 (mdoc generated code) 
 Not found: $doc
    $doc.binder(res0, 0, 0, 0, 5);


[31merror[39m: 
example.worksheet.sc:10 (mdoc generated code) 
 Not found: $doc
    $doc.endStatement();


[31merror[39m: 
example.worksheet.sc:11 (mdoc generated code) 
 Not found: $doc
    $doc.startStatement(2, 0, 2, 10);


[31merror[39m: 
example.worksheet.sc:13 (mdoc generated code) 
 Not found: $doc
    $doc.binder(x, 2, 4, 2, 5);


[31merror[39m: 
example.worksheet.sc:14 (mdoc generated code) 
 Not found: $doc
    $doc.endStatement();


[31merror[39m: 
example.worksheet.sc:15 (mdoc generated code) 
 Not found: $doc
    $doc.startStatement(4, 0, 4, 5);


[31merror[39m: 
example.worksheet.sc:18 (mdoc generated code) 
 Not found: $doc
    $doc.binder(res1, 4, 0, 4, 5);


[31merror[39m: 
example.worksheet.sc:19 (mdoc generated code) 
 Not found: $doc
    $doc.endStatement();


[31merror[39m: 
example.worksheet.sc:20 (mdoc generated code) 
 Not found: $doc
    $doc.endSection();


2022.10.28 11:21:36 INFO  time: code lens generation in 2.13s[0m
2022.10.28 11:21:37 INFO  time: evaluated worksheet 'example.worksheet.sc' in 2.9s[0m
2022.10.28 11:27:40 INFO  shutting down Metals[0m
2022.10.28 11:27:40 INFO  Shut down connection with build server.[0m
2022.10.28 11:27:40 INFO  Shut down connection with build server.[0m
