2022.11.03 17:12:53 INFO  tracing is disabled for protocol LSP, to enable tracing of incoming and outgoing JSON messages create an empty file at /home/nabee/functional_programming/1course/4week/.metals/lsp.trace.json or /home/nabee/.cache/metals/lsp.trace.json[0m
2022.11.03 17:12:54 INFO  logging to file /home/nabee/functional_programming/1course/4week/.metals/metals.log[0m
2022.11.03 17:12:54 INFO  Started: Metals version 0.11.9 in workspace '/home/nabee/functional_programming/1course/4week' for client Visual Studio Code 1.73.0.[0m
2022.11.03 17:12:54 INFO  time: initialize in 0.83s[0m
2022.11.03 17:12:55 WARN  Build server is not auto-connectable.[0m
2022.11.03 17:12:55 WARN  no build tool detected in workspace '/home/nabee/functional_programming/1course/4week'. The most common cause for this problem is that the editor was opened in the wrong working directory, for example if you use sbt then the workspace directory should contain build.sbt. [0m
2022.11.03 17:12:57 INFO  no build target found for /home/nabee/functional_programming/1course/4week/ast.worksheet.sc. Using presentation compiler with project's scala-library version: 3.2.0[0m
2022.11.03 17:12:59 INFO  time: code lens generation in 3.15s[0m
2022.11.03 17:13:01 INFO  no build target found for /home/nabee/functional_programming/1course/4week/ast.worksheet.sc. Using presentation compiler with project's scala-library version: 3.2.0[0m
2022.11.03 17:13:01 INFO  time: evaluated worksheet 'ast.worksheet.sc' in 5.26s[0m
2022.11.03 17:13:04 INFO  no build target found for /home/nabee/functional_programming/1course/4week/patmat.worksheet.sc. Using presentation compiler with project's scala-library version: 3.2.0[0m
2022.11.03 17:13:04 INFO  time: evaluated worksheet 'patmat.worksheet.sc' in 1.08s[0m
2022.11.03 17:13:04 INFO  time: evaluated worksheet 'patmat.worksheet.sc' in 0.19s[0m
[31merror[39m: patmat.worksheet.sc:5:57: 
Not found: type Leaf
def makeOrderedLeafList(freqs: List[(Char, Int)]): List[Leaf] =
                                                        ^^^^
[31merror[39m: patmat.worksheet.sc:6:36: 
Not found: type Leaf
    def asLeaf(pair: (Char, Int)): Leaf = Leaf(pair._1, pair._2)
                                   ^^^^
[31merror[39m: patmat.worksheet.sc:6:43: 
Not found: Leaf
    def asLeaf(pair: (Char, Int)): Leaf = Leaf(pair._1, pair._2)
                                          ^^^^
[31merror[39m: patmat.worksheet.sc:8:19: 
Not found: type Leaf
    def insert(x: Leaf, xs: List[Leaf]): List[Leaf] = xs match
                  ^^^^
[31merror[39m: patmat.worksheet.sc:8:34: 
Not found: type Leaf
    def insert(x: Leaf, xs: List[Leaf]): List[Leaf] = xs match
                                 ^^^^
[31merror[39m: patmat.worksheet.sc:8:47: 
Not found: type Leaf
    def insert(x: Leaf, xs: List[Leaf]): List[Leaf] = xs match
                                              ^^^^
[31merror[39m: patmat.worksheet.sc:12:44: 
Not found: type Leaf
    def isort(xs: List[(Char, Int)]): List[Leaf] = xs match
                                           ^^^^
[31merror[39m: patmat.worksheet.sc:18:1: 
Not found: l
l = List('a', 'b', 'a', 'a', 'c', 'c', 'f', 'c', 'f', 'a', 'f', 'f', 'f', 'f')
^
[31merror[39m: patmat.worksheet.sc:20:7: 
Not found: l
times(l)
      ^
2022.11.03 17:14:38 INFO  time: evaluated worksheet 'patmat.worksheet.sc' in 0.29s[0m
[31merror[39m: patmat.worksheet.sc:5:57: 
Not found: type Leaf
def makeOrderedLeafList(freqs: List[(Char, Int)]): List[Leaf] =
                                                        ^^^^
[31merror[39m: patmat.worksheet.sc:6:36: 
Not found: type Leaf
    def asLeaf(pair: (Char, Int)): Leaf = Leaf(pair._1, pair._2)
                                   ^^^^
[31merror[39m: patmat.worksheet.sc:6:43: 
Not found: Leaf
    def asLeaf(pair: (Char, Int)): Leaf = Leaf(pair._1, pair._2)
                                          ^^^^
[31merror[39m: patmat.worksheet.sc:8:19: 
Not found: type Leaf
    def insert(x: Leaf, xs: List[Leaf]): List[Leaf] = xs match
                  ^^^^
[31merror[39m: patmat.worksheet.sc:8:34: 
Not found: type Leaf
    def insert(x: Leaf, xs: List[Leaf]): List[Leaf] = xs match
                                 ^^^^
[31merror[39m: patmat.worksheet.sc:8:47: 
Not found: type Leaf
    def insert(x: Leaf, xs: List[Leaf]): List[Leaf] = xs match
                                              ^^^^
[31merror[39m: patmat.worksheet.sc:12:44: 
Not found: type Leaf
    def isort(xs: List[(Char, Int)]): List[Leaf] = xs match
                                           ^^^^
2022.11.03 17:14:44 INFO  time: evaluated worksheet 'patmat.worksheet.sc' in 0.17s[0m
[31merror[39m: patmat.worksheet.sc:5:57: 
Not found: type Leaf
def makeOrderedLeafList(freqs: List[(Char, Int)]): List[Leaf] =
                                                        ^^^^
[31merror[39m: patmat.worksheet.sc:6:36: 
Not found: type Leaf
    def asLeaf(pair: (Char, Int)): Leaf = Leaf(pair._1, pair._2)
                                   ^^^^
[31merror[39m: patmat.worksheet.sc:6:43: 
Not found: Leaf
    def asLeaf(pair: (Char, Int)): Leaf = Leaf(pair._1, pair._2)
                                          ^^^^
[31merror[39m: patmat.worksheet.sc:8:19: 
Not found: type Leaf
    def insert(x: Leaf, xs: List[Leaf]): List[Leaf] = xs match
                  ^^^^
[31merror[39m: patmat.worksheet.sc:8:34: 
Not found: type Leaf
    def insert(x: Leaf, xs: List[Leaf]): List[Leaf] = xs match
                                 ^^^^
[31merror[39m: patmat.worksheet.sc:8:47: 
Not found: type Leaf
    def insert(x: Leaf, xs: List[Leaf]): List[Leaf] = xs match
                                              ^^^^
[31merror[39m: patmat.worksheet.sc:12:44: 
Not found: type Leaf
    def isort(xs: List[(Char, Int)]): List[Leaf] = xs match
                                           ^^^^
2022.11.03 17:14:48 INFO  time: evaluated worksheet 'patmat.worksheet.sc' in 0.17s[0m
[31merror[39m: patmat.worksheet.sc:28:28: 
value > is not a member of MdocApp.this.Leaf
        case y :: ys => if x > y then x :: xs else y :: insert(x, ys)
                           ^^^
2022.11.03 17:15:29 INFO  time: evaluated worksheet 'patmat.worksheet.sc' in 0.3s[0m
2022.11.03 17:15:49 INFO  time: evaluated worksheet 'patmat.worksheet.sc' in 0.53s[0m
Nov 03, 2022 5:16:32 PM org.eclipse.lsp4j.jsonrpc.RemoteEndpoint handleCancellation
WARNING: Unmatched cancel notification for request id 445
[31merror[39m: patmat.worksheet.sc:38:1: 
Not found: l2
l2 = times(l)
^^
[31merror[39m: patmat.worksheet.sc:40:1: 
missing argument for parameter freqs of method makeOrderedLeafList in class MdocApp: (freqs: List[(Char, Int)]): List[MdocApp.this.Leaf]
makeOrderedLeafList()
^^^^^^^^^^^^^^^^^^^^^
2022.11.03 17:16:49 INFO  time: evaluated worksheet 'patmat.worksheet.sc' in 0.2s[0m
[31merror[39m: patmat.worksheet.sc:38:1: 
Not found: l2
l2 = times(l)
^^
[31merror[39m: patmat.worksheet.sc:40:21: 
Not found: l2
makeOrderedLeafList(l2)
                    ^^
2022.11.03 17:16:51 INFO  time: evaluated worksheet 'patmat.worksheet.sc' in 0.17s[0m
2022.11.03 17:16:59 INFO  time: evaluated worksheet 'patmat.worksheet.sc' in 0.39s[0m
2022.11.03 17:23:47 INFO  time: evaluated worksheet 'patmat.worksheet.sc' in 0.42s[0m
2022.11.03 17:24:12 INFO  time: evaluated worksheet 'patmat.worksheet.sc' in 0.38s[0m
2022.11.03 17:24:22 INFO  time: evaluated worksheet 'patmat.worksheet.sc' in 0.31s[0m
2022.11.03 17:24:28 INFO  time: evaluated worksheet 'patmat.worksheet.sc' in 0.33s[0m
2022.11.03 17:24:40 INFO  time: evaluated worksheet 'patmat.worksheet.sc' in 0.35s[0m
2022.11.03 17:49:57 INFO  shutting down Metals[0m
